app/build/intermediates/manifest_merge_blame_file/debug/manifest-merger-blame-debug-report.txt
1<?xml version="1.0" encoding="utf-8"?>
2<manifest xmlns:android="http://schemas.android.com/apk/res/android"
3    package="com.example.nordshop"
4    android:versionCode="1"
5    android:versionName="1.0" >
6
7    <uses-sdk
8        android:minSdkVersion="24"
8-->src\main\AndroidManifest.xml
9        android:targetSdkVersion="30" />
9-->src\main\AndroidManifest.xml
10    <!-- Internet Permission -->
11    <uses-permission android:name="android.permission.INTERNET" />
11-->src\main\AndroidManifest.xml:5:5-67
11-->src\main\AndroidManifest.xml:5:22-64
12
13    <application
13-->src\main\AndroidManifest.xml:7:5-30:19
14        android:allowBackup="true"
14-->src\main\AndroidManifest.xml:8:9-35
15        android:appComponentFactory="androidx.core.app.CoreComponentFactory"
15-->[androidx.core:core:1.5.0-alpha05] AndroidManifest.xml:24:18-86
16        android:debuggable="true"
17        android:extractNativeLibs="false"
18        android:icon="@mipmap/ic_launcher"
18-->src\main\AndroidManifest.xml:9:9-43
19        android:label="@string/app_name"
19-->src\main\AndroidManifest.xml:10:9-41
20        android:roundIcon="@mipmap/ic_launcher_round"
20-->src\main\AndroidManifest.xml:11:9-54
21        android:supportsRtl="true"
21-->src\main\AndroidManifest.xml:12:9-35
22        android:testOnly="true"
23        android:theme="@style/AppTheme" >
23-->src\main\AndroidManifest.xml:13:9-40
24        <activity android:name="com.example.nordshop.ActivityGame" />
24-->src\main\AndroidManifest.xml:14:9-59
24-->src\main\AndroidManifest.xml:14:19-47
25        <activity android:name="com.example.nordshop.TelaLogin" />
25-->src\main\AndroidManifest.xml:15:9-47
25-->src\main\AndroidManifest.xml:15:19-44
26        <activity android:name="com.example.nordshop.Catalogo" />
26-->src\main\AndroidManifest.xml:16:9-46
26-->src\main\AndroidManifest.xml:16:19-43
27        <activity android:name="com.example.nordshop.Detalhe" />
27-->src\main\AndroidManifest.xml:17:9-45
27-->src\main\AndroidManifest.xml:17:19-42
28        <activity android:name="com.example.nordshop.CadastroUsuarioActivity" />
28-->src\main\AndroidManifest.xml:18:9-61
28-->src\main\AndroidManifest.xml:18:19-58
29        <activity android:name="com.example.nordshop.TelaSplash" >
29-->src\main\AndroidManifest.xml:19:9-25:20
29-->src\main\AndroidManifest.xml:19:19-45
30            <intent-filter>
30-->src\main\AndroidManifest.xml:20:13-24:29
31                <action android:name="android.intent.action.MAIN" />
31-->src\main\AndroidManifest.xml:21:17-69
31-->src\main\AndroidManifest.xml:21:25-66
32
33                <category android:name="android.intent.category.LAUNCHER" />
33-->src\main\AndroidManifest.xml:23:17-77
33-->src\main\AndroidManifest.xml:23:27-74
34            </intent-filter>
35        </activity>
36
37        <meta-data
37-->src\main\AndroidManifest.xml:27:9-29:57
38            android:name="preloaded_fonts"
38-->src\main\AndroidManifest.xml:28:13-43
39            android:resource="@array/preloaded_fonts" />
39-->src\main\AndroidManifest.xml:29:13-54
40
41        <provider
41-->[com.squareup.picasso:picasso:2.71828] AndroidManifest.xml:8:9-11:40
42            android:name="com.squareup.picasso.PicassoProvider"
42-->[com.squareup.picasso:picasso:2.71828] AndroidManifest.xml:9:13-64
43            android:authorities="com.example.nordshop.com.squareup.picasso"
43-->[com.squareup.picasso:picasso:2.71828] AndroidManifest.xml:10:13-72
44            android:exported="false" />
44-->[com.squareup.picasso:picasso:2.71828] AndroidManifest.xml:11:13-37
45        <provider
45-->[androidx.lifecycle:lifecycle-process:2.1.0] AndroidManifest.xml:23:9-27:43
46            android:name="androidx.lifecycle.ProcessLifecycleOwnerInitializer"
46-->[androidx.lifecycle:lifecycle-process:2.1.0] AndroidManifest.xml:24:13-79
47            android:authorities="com.example.nordshop.lifecycle-process"
47-->[androidx.lifecycle:lifecycle-process:2.1.0] AndroidManifest.xml:25:13-69
48            android:exported="false"
48-->[androidx.lifecycle:lifecycle-process:2.1.0] AndroidManifest.xml:26:13-37
49            android:multiprocess="true" />
49-->[androidx.lifecycle:lifecycle-process:2.1.0] AndroidManifest.xml:27:13-40
50    </application>
51
52</manifest>